2020-02-22 00:00:23.235 [http-nio-8082-exec-2] DEBUG org.hibernate.SQL - select image0_.lid as lid1_0_, image0_.imageid as imageid2_0_, image0_.name as name3_0_, image0_.uploadpath as uploadpa4_0_, image0_.uploadtime as uploadti5_0_ from image image0_ order by image0_.uploadtime desc
2020-02-22 00:00:23.508 [http-nio-8082-exec-7] DEBUG org.hibernate.SQL - select image0_.lid as lid1_0_, image0_.imageid as imageid2_0_, image0_.name as name3_0_, image0_.uploadpath as uploadpa4_0_, image0_.uploadtime as uploadti5_0_ from image image0_ order by image0_.uploadtime desc
2020-02-22 00:00:23.636 [http-nio-8082-exec-1] DEBUG org.hibernate.SQL - select image0_.lid as lid1_0_, image0_.imageid as imageid2_0_, image0_.name as name3_0_, image0_.uploadpath as uploadpa4_0_, image0_.uploadtime as uploadti5_0_ from image image0_ order by image0_.uploadtime desc
2020-02-22 00:00:58.248 [http-nio-8082-exec-4] DEBUG org.hibernate.SQL - select image0_.lid as lid1_0_, image0_.imageid as imageid2_0_, image0_.name as name3_0_, image0_.uploadpath as uploadpa4_0_, image0_.uploadtime as uploadti5_0_ from image image0_ order by image0_.uploadtime desc
2020-02-22 00:00:58.479 [http-nio-8082-exec-4] ERROR org.apache.catalina.core.ContainerBase.[Tomcat].[localhost].[/].[jsp] - Servlet.service() for servlet [jsp] threw exception
javax.el.PropertyNotFoundException: Property [imgid] not found on type [com.yangtongyue.yangtongyue.entity.Image]
	at javax.el.BeanELResolver$BeanProperties.get(BeanELResolver.java:260)
	at javax.el.BeanELResolver$BeanProperties.access$300(BeanELResolver.java:212)
	at javax.el.BeanELResolver.property(BeanELResolver.java:333)
	at javax.el.BeanELResolver.getValue(BeanELResolver.java:92)
	at org.apache.jasper.el.JasperELResolver.getValue(JasperELResolver.java:125)
	at org.apache.el.parser.AstValue.getValue(AstValue.java:169)
	at org.apache.el.ValueExpressionImpl.getValue(ValueExpressionImpl.java:190)
	at org.apache.jasper.runtime.PageContextImpl.proprietaryEvaluate(PageContextImpl.java:701)
	at org.apache.jsp.WEB_002dINF.jsp.index_jsp._jspx_meth_c_005fforEach_005f0(index_jsp.java:276)
	at org.apache.jsp.WEB_002dINF.jsp.index_jsp._jspService(index_jsp.java:193)
	at org.apache.jasper.runtime.HttpJspBase.service(HttpJspBase.java:70)
	at javax.servlet.http.HttpServlet.service(HttpServlet.java:750)
	at org.apache.jasper.servlet.JspServletWrapper.service(JspServletWrapper.java:477)
	at org.apache.jasper.servlet.JspServlet.serviceJspFile(JspServlet.java:385)
	at org.apache.jasper.servlet.JspServlet.service(JspServlet.java:329)
	at javax.servlet.http.HttpServlet.service(HttpServlet.java:750)
	at org.apache.catalina.core.ApplicationFilterChain.internalDoFilter(ApplicationFilterChain.java:231)
	at org.apache.catalina.core.ApplicationFilterChain.doFilter(ApplicationFilterChain.java:166)
	at org.apache.tomcat.websocket.server.WsFilter.doFilter(WsFilter.java:53)
	at org.apache.catalina.core.ApplicationFilterChain.internalDoFilter(ApplicationFilterChain.java:193)
	at org.apache.catalina.core.ApplicationFilterChain.doFilter(ApplicationFilterChain.java:166)
	at org.apache.catalina.core.ApplicationDispatcher.invoke(ApplicationDispatcher.java:712)
	at org.apache.catalina.core.ApplicationDispatcher.processRequest(ApplicationDispatcher.java:459)
	at org.apache.catalina.core.ApplicationDispatcher.doForward(ApplicationDispatcher.java:384)
	at org.apache.catalina.core.ApplicationDispatcher.forward(ApplicationDispatcher.java:312)
	at org.springframework.web.servlet.view.InternalResourceView.renderMergedOutputModel(InternalResourceView.java:171)
	at org.springframework.web.servlet.view.AbstractView.render(AbstractView.java:316)
	at org.springframework.web.servlet.DispatcherServlet.render(DispatcherServlet.java:1373)
	at org.springframework.web.servlet.DispatcherServlet.processDispatchResult(DispatcherServlet.java:1118)
	at org.springframework.web.servlet.DispatcherServlet.doDispatch(DispatcherServlet.java:1057)
	at org.springframework.web.servlet.DispatcherServlet.doService(DispatcherServlet.java:943)
	at org.springframework.web.servlet.FrameworkServlet.processRequest(FrameworkServlet.java:1006)
	at org.springframework.web.servlet.FrameworkServlet.doGet(FrameworkServlet.java:898)
	at javax.servlet.http.HttpServlet.service(HttpServlet.java:645)
	at org.springframework.web.servlet.FrameworkServlet.service(FrameworkServlet.java:883)
	at javax.servlet.http.HttpServlet.service(HttpServlet.java:750)
	at org.apache.catalina.core.ApplicationFilterChain.internalDoFilter(ApplicationFilterChain.java:231)
	at org.apache.catalina.core.ApplicationFilterChain.doFilter(ApplicationFilterChain.java:166)
	at org.apache.tomcat.websocket.server.WsFilter.doFilter(WsFilter.java:53)
	at org.apache.catalina.core.ApplicationFilterChain.internalDoFilter(ApplicationFilterChain.java:193)
	at org.apache.catalina.core.ApplicationFilterChain.doFilter(ApplicationFilterChain.java:166)
	at com.alibaba.druid.support.http.WebStatFilter.doFilter(WebStatFilter.java:123)
	at org.apache.catalina.core.ApplicationFilterChain.internalDoFilter(ApplicationFilterChain.java:193)
	at org.apache.catalina.core.ApplicationFilterChain.doFilter(ApplicationFilterChain.java:166)
	at org.springframework.web.filter.RequestContextFilter.doFilterInternal(RequestContextFilter.java:100)
	at org.springframework.web.filter.OncePerRequestFilter.doFilter(OncePerRequestFilter.java:119)
	at org.apache.catalina.core.ApplicationFilterChain.internalDoFilter(ApplicationFilterChain.java:193)
	at org.apache.catalina.core.ApplicationFilterChain.doFilter(ApplicationFilterChain.java:166)
	at org.springframework.web.filter.FormContentFilter.doFilterInternal(FormContentFilter.java:93)
	at org.springframework.web.filter.OncePerRequestFilter.doFilter(OncePerRequestFilter.java:119)
	at org.apache.catalina.core.ApplicationFilterChain.internalDoFilter(ApplicationFilterChain.java:193)
	at org.apache.catalina.core.ApplicationFilterChain.doFilter(ApplicationFilterChain.java:166)
	at org.springframework.web.filter.CharacterEncodingFilter.doFilterInternal(CharacterEncodingFilter.java:201)
	at org.springframework.web.filter.OncePerRequestFilter.doFilter(OncePerRequestFilter.java:119)
	at org.apache.catalina.core.ApplicationFilterChain.internalDoFilter(ApplicationFilterChain.java:193)
	at org.apache.catalina.core.ApplicationFilterChain.doFilter(ApplicationFilterChain.java:166)
	at org.apache.catalina.core.StandardWrapperValve.invoke(StandardWrapperValve.java:202)
	at org.apache.catalina.core.StandardContextValve.invoke(StandardContextValve.java:96)
	at org.apache.catalina.authenticator.AuthenticatorBase.invoke(AuthenticatorBase.java:541)
	at org.apache.catalina.core.StandardHostValve.invoke(StandardHostValve.java:139)
	at org.apache.catalina.valves.ErrorReportValve.invoke(ErrorReportValve.java:92)
	at org.apache.catalina.core.StandardEngineValve.invoke(StandardEngineValve.java:74)
	at org.apache.catalina.connector.CoyoteAdapter.service(CoyoteAdapter.java:343)
	at org.apache.coyote.http11.Http11Processor.service(Http11Processor.java:367)
	at org.apache.coyote.AbstractProcessorLight.process(AbstractProcessorLight.java:65)
	at org.apache.coyote.AbstractProtocol$ConnectionHandler.process(AbstractProtocol.java:860)
	at org.apache.tomcat.util.net.NioEndpoint$SocketProcessor.doRun(NioEndpoint.java:1598)
	at org.apache.tomcat.util.net.SocketProcessorBase.run(SocketProcessorBase.java:49)
	at java.util.concurrent.ThreadPoolExecutor.runWorker(ThreadPoolExecutor.java:1142)
	at java.util.concurrent.ThreadPoolExecutor$Worker.run(ThreadPoolExecutor.java:617)
	at org.apache.tomcat.util.threads.TaskThread$WrappingRunnable.run(TaskThread.java:61)
	at java.lang.Thread.run(Thread.java:748)
2020-02-22 00:00:58.482 [http-nio-8082-exec-4] ERROR org.apache.catalina.core.ContainerBase.[Tomcat].[localhost].[/].[dispatcherServlet] - Servlet.service() for servlet [dispatcherServlet] in context with path [] threw exception [An exception occurred processing [/WEB-INF/jsp/index.jsp] at line [68]

65:      <div class="grid" id="grid">
66: 		<c:forEach items="${list}" var="image"
67: 			varStatus="ids">
68: 			  <photo-card img="${image.uploadpath }/${image.imgid}_${image.name}" link="${image.uploadpath }/${image.imgid}_${image.name}"></photo-card>
69: 		</c:forEach>
70: <!--   <photo-card img="assets/img/jq22-1.png" link="#"></photo-card> -->
71: <!--   <photo-card img="assets/img/jq22-2.png" link="#"></photo-card> -->


Stacktrace:] with root cause
javax.el.PropertyNotFoundException: Property [imgid] not found on type [com.yangtongyue.yangtongyue.entity.Image]
	at javax.el.BeanELResolver$BeanProperties.get(BeanELResolver.java:260)
	at javax.el.BeanELResolver$BeanProperties.access$300(BeanELResolver.java:212)
	at javax.el.BeanELResolver.property(BeanELResolver.java:333)
	at javax.el.BeanELResolver.getValue(BeanELResolver.java:92)
	at org.apache.jasper.el.JasperELResolver.getValue(JasperELResolver.java:125)
	at org.apache.el.parser.AstValue.getValue(AstValue.java:169)
	at org.apache.el.ValueExpressionImpl.getValue(ValueExpressionImpl.java:190)
	at org.apache.jasper.runtime.PageContextImpl.proprietaryEvaluate(PageContextImpl.java:701)
	at org.apache.jsp.WEB_002dINF.jsp.index_jsp._jspx_meth_c_005fforEach_005f0(index_jsp.java:276)
	at org.apache.jsp.WEB_002dINF.jsp.index_jsp._jspService(index_jsp.java:193)
	at org.apache.jasper.runtime.HttpJspBase.service(HttpJspBase.java:70)
	at javax.servlet.http.HttpServlet.service(HttpServlet.java:750)
	at org.apache.jasper.servlet.JspServletWrapper.service(JspServletWrapper.java:477)
	at org.apache.jasper.servlet.JspServlet.serviceJspFile(JspServlet.java:385)
	at org.apache.jasper.servlet.JspServlet.service(JspServlet.java:329)
	at javax.servlet.http.HttpServlet.service(HttpServlet.java:750)
	at org.apache.catalina.core.ApplicationFilterChain.internalDoFilter(ApplicationFilterChain.java:231)
	at org.apache.catalina.core.ApplicationFilterChain.doFilter(ApplicationFilterChain.java:166)
	at org.apache.tomcat.websocket.server.WsFilter.doFilter(WsFilter.java:53)
	at org.apache.catalina.core.ApplicationFilterChain.internalDoFilter(ApplicationFilterChain.java:193)
	at org.apache.catalina.core.ApplicationFilterChain.doFilter(ApplicationFilterChain.java:166)
	at org.apache.catalina.core.ApplicationDispatcher.invoke(ApplicationDispatcher.java:712)
	at org.apache.catalina.core.ApplicationDispatcher.processRequest(ApplicationDispatcher.java:459)
	at org.apache.catalina.core.ApplicationDispatcher.doForward(ApplicationDispatcher.java:384)
	at org.apache.catalina.core.ApplicationDispatcher.forward(ApplicationDispatcher.java:312)
	at org.springframework.web.servlet.view.InternalResourceView.renderMergedOutputModel(InternalResourceView.java:171)
	at org.springframework.web.servlet.view.AbstractView.render(AbstractView.java:316)
	at org.springframework.web.servlet.DispatcherServlet.render(DispatcherServlet.java:1373)
	at org.springframework.web.servlet.DispatcherServlet.processDispatchResult(DispatcherServlet.java:1118)
	at org.springframework.web.servlet.DispatcherServlet.doDispatch(DispatcherServlet.java:1057)
	at org.springframework.web.servlet.DispatcherServlet.doService(DispatcherServlet.java:943)
	at org.springframework.web.servlet.FrameworkServlet.processRequest(FrameworkServlet.java:1006)
	at org.springframework.web.servlet.FrameworkServlet.doGet(FrameworkServlet.java:898)
	at javax.servlet.http.HttpServlet.service(HttpServlet.java:645)
	at org.springframework.web.servlet.FrameworkServlet.service(FrameworkServlet.java:883)
	at javax.servlet.http.HttpServlet.service(HttpServlet.java:750)
	at org.apache.catalina.core.ApplicationFilterChain.internalDoFilter(ApplicationFilterChain.java:231)
	at org.apache.catalina.core.ApplicationFilterChain.doFilter(ApplicationFilterChain.java:166)
	at org.apache.tomcat.websocket.server.WsFilter.doFilter(WsFilter.java:53)
	at org.apache.catalina.core.ApplicationFilterChain.internalDoFilter(ApplicationFilterChain.java:193)
	at org.apache.catalina.core.ApplicationFilterChain.doFilter(ApplicationFilterChain.java:166)
	at com.alibaba.druid.support.http.WebStatFilter.doFilter(WebStatFilter.java:123)
	at org.apache.catalina.core.ApplicationFilterChain.internalDoFilter(ApplicationFilterChain.java:193)
	at org.apache.catalina.core.ApplicationFilterChain.doFilter(ApplicationFilterChain.java:166)
	at org.springframework.web.filter.RequestContextFilter.doFilterInternal(RequestContextFilter.java:100)
	at org.springframework.web.filter.OncePerRequestFilter.doFilter(OncePerRequestFilter.java:119)
	at org.apache.catalina.core.ApplicationFilterChain.internalDoFilter(ApplicationFilterChain.java:193)
	at org.apache.catalina.core.ApplicationFilterChain.doFilter(ApplicationFilterChain.java:166)
	at org.springframework.web.filter.FormContentFilter.doFilterInternal(FormContentFilter.java:93)
	at org.springframework.web.filter.OncePerRequestFilter.doFilter(OncePerRequestFilter.java:119)
	at org.apache.catalina.core.ApplicationFilterChain.internalDoFilter(ApplicationFilterChain.java:193)
	at org.apache.catalina.core.ApplicationFilterChain.doFilter(ApplicationFilterChain.java:166)
	at org.springframework.web.filter.CharacterEncodingFilter.doFilterInternal(CharacterEncodingFilter.java:201)
	at org.springframework.web.filter.OncePerRequestFilter.doFilter(OncePerRequestFilter.java:119)
	at org.apache.catalina.core.ApplicationFilterChain.internalDoFilter(ApplicationFilterChain.java:193)
	at org.apache.catalina.core.ApplicationFilterChain.doFilter(ApplicationFilterChain.java:166)
	at org.apache.catalina.core.StandardWrapperValve.invoke(StandardWrapperValve.java:202)
	at org.apache.catalina.core.StandardContextValve.invoke(StandardContextValve.java:96)
	at org.apache.catalina.authenticator.AuthenticatorBase.invoke(AuthenticatorBase.java:541)
	at org.apache.catalina.core.StandardHostValve.invoke(StandardHostValve.java:139)
	at org.apache.catalina.valves.ErrorReportValve.invoke(ErrorReportValve.java:92)
	at org.apache.catalina.core.StandardEngineValve.invoke(StandardEngineValve.java:74)
	at org.apache.catalina.connector.CoyoteAdapter.service(CoyoteAdapter.java:343)
	at org.apache.coyote.http11.Http11Processor.service(Http11Processor.java:367)
	at org.apache.coyote.AbstractProcessorLight.process(AbstractProcessorLight.java:65)
	at org.apache.coyote.AbstractProtocol$ConnectionHandler.process(AbstractProtocol.java:860)
	at org.apache.tomcat.util.net.NioEndpoint$SocketProcessor.doRun(NioEndpoint.java:1598)
	at org.apache.tomcat.util.net.SocketProcessorBase.run(SocketProcessorBase.java:49)
	at java.util.concurrent.ThreadPoolExecutor.runWorker(ThreadPoolExecutor.java:1142)
	at java.util.concurrent.ThreadPoolExecutor$Worker.run(ThreadPoolExecutor.java:617)
	at org.apache.tomcat.util.threads.TaskThread$WrappingRunnable.run(TaskThread.java:61)
	at java.lang.Thread.run(Thread.java:748)
2020-02-22 00:01:11.556 [http-nio-8082-exec-8] DEBUG org.hibernate.SQL - select image0_.lid as lid1_0_, image0_.imageid as imageid2_0_, image0_.name as name3_0_, image0_.uploadpath as uploadpa4_0_, image0_.uploadtime as uploadti5_0_ from image image0_ order by image0_.uploadtime desc
2020-02-22 00:02:03.006 [http-nio-8082-exec-4] DEBUG org.hibernate.SQL - select image0_.lid as lid1_0_, image0_.imageid as imageid2_0_, image0_.name as name3_0_, image0_.uploadpath as uploadpa4_0_, image0_.uploadtime as uploadti5_0_ from image image0_ order by image0_.uploadtime desc
2020-02-22 00:02:04.436 [http-nio-8082-exec-3] DEBUG org.hibernate.SQL - insert into image (imageid, name, uploadpath, uploadtime) values (?, ?, ?, ?)
2020-02-22 00:02:08.810 [http-nio-8082-exec-2] DEBUG org.hibernate.SQL - select image0_.lid as lid1_0_, image0_.imageid as imageid2_0_, image0_.name as name3_0_, image0_.uploadpath as uploadpa4_0_, image0_.uploadtime as uploadti5_0_ from image image0_ order by image0_.uploadtime desc
2020-02-22 00:02:25.967 [restartedMain] INFO  com.yangtongyue.yangtongyue.YangtongyueApplication - Starting YangtongyueApplication on AUTOBVT-9ISCHP5 with PID 8928 (C:\Users\Administrator\eclipse-workspace\yangtongyue\target\classes started by Administrator in C:\Users\Administrator\eclipse-workspace\yangtongyue)
2020-02-22 00:02:25.975 [restartedMain] DEBUG com.yangtongyue.yangtongyue.YangtongyueApplication - Running with Spring Boot v2.2.4.RELEASE, Spring v5.2.3.RELEASE
2020-02-22 00:02:25.976 [restartedMain] INFO  com.yangtongyue.yangtongyue.YangtongyueApplication - No active profile set, falling back to default profiles: default
2020-02-22 00:02:29.393 [restartedMain] INFO  org.apache.coyote.http11.Http11NioProtocol - Initializing ProtocolHandler ["http-nio-8082"]
2020-02-22 00:02:29.394 [restartedMain] INFO  org.apache.catalina.core.StandardService - Starting service [Tomcat]
2020-02-22 00:02:29.395 [restartedMain] INFO  org.apache.catalina.core.StandardEngine - Starting Servlet engine: [Apache Tomcat/9.0.30]
2020-02-22 00:02:29.911 [restartedMain] INFO  org.apache.jasper.servlet.TldScanner - At least one JAR was scanned for TLDs yet contained no TLDs. Enable debug logging for this logger for a complete list of JARs that were scanned but no TLDs were found in them. Skipping unneeded JARs during scanning can improve startup time and JSP compilation time.
2020-02-22 00:02:29.920 [restartedMain] INFO  org.apache.catalina.core.ContainerBase.[Tomcat].[localhost].[/] - Initializing Spring embedded WebApplicationContext
2020-02-22 00:02:30.112 [restartedMain] INFO  com.alibaba.druid.spring.boot.autoconfigure.DruidDataSourceAutoConfigure - Init DruidDataSource
2020-02-22 00:02:30.607 [restartedMain] INFO  com.alibaba.druid.pool.DruidDataSource - {dataSource-1} inited
2020-02-22 00:02:35.435 [restartedMain] WARN  org.springframework.boot.autoconfigure.orm.jpa.JpaBaseConfiguration$JpaWebConfiguration - spring.jpa.open-in-view is enabled by default. Therefore, database queries may be performed during view rendering. Explicitly configure spring.jpa.open-in-view to disable this warning
2020-02-22 00:02:36.155 [restartedMain] INFO  org.apache.coyote.http11.Http11NioProtocol - Starting ProtocolHandler ["http-nio-8082"]
2020-02-22 00:02:36.236 [restartedMain] INFO  com.yangtongyue.yangtongyue.YangtongyueApplication - Started YangtongyueApplication in 11.009 seconds (JVM running for 12.529)
2020-02-22 00:02:43.701 [http-nio-8082-exec-1] INFO  org.apache.catalina.core.ContainerBase.[Tomcat].[localhost].[/] - Initializing Spring DispatcherServlet 'dispatcherServlet'
2020-02-22 00:02:44.086 [http-nio-8082-exec-1] DEBUG org.hibernate.SQL - select image0_.lid as lid1_0_, image0_.imageid as imageid2_0_, image0_.name as name3_0_, image0_.uploadpath as uploadpa4_0_, image0_.uploadtime as uploadti5_0_ from image image0_ order by image0_.uploadtime desc
2020-02-22 00:04:15.026 [Thread-5] INFO  com.alibaba.druid.pool.DruidDataSource - {dataSource-1} closed
2020-02-22 00:04:15.499 [restartedMain] INFO  com.yangtongyue.yangtongyue.YangtongyueApplication - Starting YangtongyueApplication on AUTOBVT-9ISCHP5 with PID 8928 (C:\Users\Administrator\eclipse-workspace\yangtongyue\target\classes started by Administrator in C:\Users\Administrator\eclipse-workspace\yangtongyue)
2020-02-22 00:04:15.500 [restartedMain] DEBUG com.yangtongyue.yangtongyue.YangtongyueApplication - Running with Spring Boot v2.2.4.RELEASE, Spring v5.2.3.RELEASE
2020-02-22 00:04:15.500 [restartedMain] INFO  com.yangtongyue.yangtongyue.YangtongyueApplication - No active profile set, falling back to default profiles: default
2020-02-22 00:04:16.184 [restartedMain] INFO  org.apache.coyote.http11.Http11NioProtocol - Initializing ProtocolHandler ["http-nio-8082"]
2020-02-22 00:04:16.185 [restartedMain] INFO  org.apache.catalina.core.StandardService - Starting service [Tomcat]
2020-02-22 00:04:16.185 [restartedMain] INFO  org.apache.catalina.core.StandardEngine - Starting Servlet engine: [Apache Tomcat/9.0.30]
2020-02-22 00:04:16.353 [restartedMain] INFO  org.apache.jasper.servlet.TldScanner - At least one JAR was scanned for TLDs yet contained no TLDs. Enable debug logging for this logger for a complete list of JARs that were scanned but no TLDs were found in them. Skipping unneeded JARs during scanning can improve startup time and JSP compilation time.
2020-02-22 00:04:16.357 [restartedMain] INFO  org.apache.catalina.core.ContainerBase.[Tomcat].[localhost].[/] - Initializing Spring embedded WebApplicationContext
2020-02-22 00:04:16.398 [restartedMain] INFO  com.alibaba.druid.spring.boot.autoconfigure.DruidDataSourceAutoConfigure - Init DruidDataSource
2020-02-22 00:04:16.441 [restartedMain] INFO  com.alibaba.druid.pool.DruidDataSource - {dataSource-2} inited
2020-02-22 00:04:17.345 [restartedMain] WARN  org.springframework.boot.autoconfigure.orm.jpa.JpaBaseConfiguration$JpaWebConfiguration - spring.jpa.open-in-view is enabled by default. Therefore, database queries may be performed during view rendering. Explicitly configure spring.jpa.open-in-view to disable this warning
2020-02-22 00:04:17.541 [restartedMain] INFO  org.apache.coyote.http11.Http11NioProtocol - Starting ProtocolHandler ["http-nio-8082"]
2020-02-22 00:04:17.553 [restartedMain] INFO  com.yangtongyue.yangtongyue.YangtongyueApplication - Started YangtongyueApplication in 2.156 seconds (JVM running for 113.845)
2020-02-22 00:04:18.969 [Thread-9] INFO  com.alibaba.druid.pool.DruidDataSource - {dataSource-2} closed
2020-02-22 00:04:19.421 [restartedMain] INFO  com.yangtongyue.yangtongyue.YangtongyueApplication - Starting YangtongyueApplication on AUTOBVT-9ISCHP5 with PID 8928 (C:\Users\Administrator\eclipse-workspace\yangtongyue\target\classes started by Administrator in C:\Users\Administrator\eclipse-workspace\yangtongyue)
2020-02-22 00:04:19.422 [restartedMain] DEBUG com.yangtongyue.yangtongyue.YangtongyueApplication - Running with Spring Boot v2.2.4.RELEASE, Spring v5.2.3.RELEASE
2020-02-22 00:04:19.422 [restartedMain] INFO  com.yangtongyue.yangtongyue.YangtongyueApplication - No active profile set, falling back to default profiles: default
2020-02-22 00:04:20.024 [restartedMain] INFO  org.apache.coyote.http11.Http11NioProtocol - Initializing ProtocolHandler ["http-nio-8082"]
2020-02-22 00:04:20.025 [restartedMain] INFO  org.apache.catalina.core.StandardService - Starting service [Tomcat]
2020-02-22 00:04:20.025 [restartedMain] INFO  org.apache.catalina.core.StandardEngine - Starting Servlet engine: [Apache Tomcat/9.0.30]
2020-02-22 00:04:20.120 [restartedMain] INFO  org.apache.jasper.servlet.TldScanner - At least one JAR was scanned for TLDs yet contained no TLDs. Enable debug logging for this logger for a complete list of JARs that were scanned but no TLDs were found in them. Skipping unneeded JARs during scanning can improve startup time and JSP compilation time.
2020-02-22 00:04:20.122 [restartedMain] INFO  org.apache.catalina.core.ContainerBase.[Tomcat].[localhost].[/] - Initializing Spring embedded WebApplicationContext
2020-02-22 00:04:20.141 [restartedMain] INFO  com.alibaba.druid.spring.boot.autoconfigure.DruidDataSourceAutoConfigure - Init DruidDataSource
2020-02-22 00:04:20.173 [restartedMain] INFO  com.alibaba.druid.pool.DruidDataSource - {dataSource-3} inited
2020-02-22 00:04:21.222 [restartedMain] WARN  org.springframework.boot.autoconfigure.orm.jpa.JpaBaseConfiguration$JpaWebConfiguration - spring.jpa.open-in-view is enabled by default. Therefore, database queries may be performed during view rendering. Explicitly configure spring.jpa.open-in-view to disable this warning
2020-02-22 00:04:21.374 [restartedMain] INFO  org.apache.coyote.http11.Http11NioProtocol - Starting ProtocolHandler ["http-nio-8082"]
2020-02-22 00:04:21.387 [restartedMain] INFO  com.yangtongyue.yangtongyue.YangtongyueApplication - Started YangtongyueApplication in 2.045 seconds (JVM running for 117.678)
2020-02-22 00:04:26.083 [restartedMain] INFO  com.yangtongyue.yangtongyue.YangtongyueApplication - Starting YangtongyueApplication on AUTOBVT-9ISCHP5 with PID 8888 (C:\Users\Administrator\eclipse-workspace\yangtongyue\target\classes started by Administrator in C:\Users\Administrator\eclipse-workspace\yangtongyue)
2020-02-22 00:04:26.090 [restartedMain] DEBUG com.yangtongyue.yangtongyue.YangtongyueApplication - Running with Spring Boot v2.2.4.RELEASE, Spring v5.2.3.RELEASE
2020-02-22 00:04:26.091 [restartedMain] INFO  com.yangtongyue.yangtongyue.YangtongyueApplication - No active profile set, falling back to default profiles: default
2020-02-22 00:04:29.533 [restartedMain] INFO  org.apache.coyote.http11.Http11NioProtocol - Initializing ProtocolHandler ["http-nio-8082"]
2020-02-22 00:04:29.534 [restartedMain] INFO  org.apache.catalina.core.StandardService - Starting service [Tomcat]
2020-02-22 00:04:29.535 [restartedMain] INFO  org.apache.catalina.core.StandardEngine - Starting Servlet engine: [Apache Tomcat/9.0.30]
2020-02-22 00:04:30.038 [restartedMain] INFO  org.apache.jasper.servlet.TldScanner - At least one JAR was scanned for TLDs yet contained no TLDs. Enable debug logging for this logger for a complete list of JARs that were scanned but no TLDs were found in them. Skipping unneeded JARs during scanning can improve startup time and JSP compilation time.
2020-02-22 00:04:30.047 [restartedMain] INFO  org.apache.catalina.core.ContainerBase.[Tomcat].[localhost].[/] - Initializing Spring embedded WebApplicationContext
2020-02-22 00:04:30.242 [restartedMain] INFO  com.alibaba.druid.spring.boot.autoconfigure.DruidDataSourceAutoConfigure - Init DruidDataSource
2020-02-22 00:04:30.690 [restartedMain] INFO  com.alibaba.druid.pool.DruidDataSource - {dataSource-1} inited
2020-02-22 00:04:35.394 [restartedMain] WARN  org.springframework.boot.autoconfigure.orm.jpa.JpaBaseConfiguration$JpaWebConfiguration - spring.jpa.open-in-view is enabled by default. Therefore, database queries may be performed during view rendering. Explicitly configure spring.jpa.open-in-view to disable this warning
2020-02-22 00:04:36.160 [restartedMain] INFO  org.apache.coyote.http11.Http11NioProtocol - Starting ProtocolHandler ["http-nio-8082"]
2020-02-22 00:04:36.232 [restartedMain] INFO  com.yangtongyue.yangtongyue.YangtongyueApplication - Started YangtongyueApplication in 10.914 seconds (JVM running for 12.441)
2020-02-22 00:04:42.153 [http-nio-8082-exec-1] INFO  org.apache.catalina.core.ContainerBase.[Tomcat].[localhost].[/] - Initializing Spring DispatcherServlet 'dispatcherServlet'
2020-02-22 00:04:42.544 [http-nio-8082-exec-1] DEBUG org.hibernate.SQL - select image0_.lid as lid1_0_, image0_.imageid as imageid2_0_, image0_.name as name3_0_, image0_.uploadpath as uploadpa4_0_, image0_.uploadtime as uploadti5_0_ from image image0_ order by image0_.uploadtime desc
2020-02-22 00:04:52.244 [http-nio-8082-exec-1] DEBUG org.hibernate.SQL - select image0_.lid as lid1_0_, image0_.imageid as imageid2_0_, image0_.name as name3_0_, image0_.uploadpath as uploadpa4_0_, image0_.uploadtime as uploadti5_0_ from image image0_ order by image0_.uploadtime desc
2020-02-22 00:05:09.526 [http-nio-8082-exec-4] DEBUG org.hibernate.SQL - insert into image (imageid, name, uploadpath, uploadtime) values (?, ?, ?, ?)
2020-02-22 00:05:17.152 [Thread-5] INFO  com.alibaba.druid.pool.DruidDataSource - {dataSource-1} closed
2020-02-22 00:05:17.583 [restartedMain] INFO  com.yangtongyue.yangtongyue.YangtongyueApplication - Starting YangtongyueApplication on AUTOBVT-9ISCHP5 with PID 8888 (C:\Users\Administrator\eclipse-workspace\yangtongyue\target\classes started by Administrator in C:\Users\Administrator\eclipse-workspace\yangtongyue)
2020-02-22 00:05:17.584 [restartedMain] DEBUG com.yangtongyue.yangtongyue.YangtongyueApplication - Running with Spring Boot v2.2.4.RELEASE, Spring v5.2.3.RELEASE
2020-02-22 00:05:17.584 [restartedMain] INFO  com.yangtongyue.yangtongyue.YangtongyueApplication - No active profile set, falling back to default profiles: default
2020-02-22 00:05:18.226 [restartedMain] INFO  org.apache.coyote.http11.Http11NioProtocol - Initializing ProtocolHandler ["http-nio-8082"]
2020-02-22 00:05:18.227 [restartedMain] INFO  org.apache.catalina.core.StandardService - Starting service [Tomcat]
2020-02-22 00:05:18.227 [restartedMain] INFO  org.apache.catalina.core.StandardEngine - Starting Servlet engine: [Apache Tomcat/9.0.30]
2020-02-22 00:05:18.418 [restartedMain] INFO  org.apache.jasper.servlet.TldScanner - At least one JAR was scanned for TLDs yet contained no TLDs. Enable debug logging for this logger for a complete list of JARs that were scanned but no TLDs were found in them. Skipping unneeded JARs during scanning can improve startup time and JSP compilation time.
2020-02-22 00:05:18.421 [restartedMain] INFO  org.apache.catalina.core.ContainerBase.[Tomcat].[localhost].[/] - Initializing Spring embedded WebApplicationContext
2020-02-22 00:05:18.458 [restartedMain] INFO  com.alibaba.druid.spring.boot.autoconfigure.DruidDataSourceAutoConfigure - Init DruidDataSource
2020-02-22 00:05:18.503 [restartedMain] INFO  com.alibaba.druid.pool.DruidDataSource - {dataSource-2} inited
2020-02-22 00:05:19.384 [restartedMain] WARN  org.springframework.boot.autoconfigure.orm.jpa.JpaBaseConfiguration$JpaWebConfiguration - spring.jpa.open-in-view is enabled by default. Therefore, database queries may be performed during view rendering. Explicitly configure spring.jpa.open-in-view to disable this warning
2020-02-22 00:05:19.526 [restartedMain] INFO  org.apache.coyote.http11.Http11NioProtocol - Starting ProtocolHandler ["http-nio-8082"]
2020-02-22 00:05:19.537 [restartedMain] INFO  com.yangtongyue.yangtongyue.YangtongyueApplication - Started YangtongyueApplication in 2.043 seconds (JVM running for 55.746)
2020-02-22 00:05:25.184 [http-nio-8082-exec-1] INFO  org.apache.catalina.core.ContainerBase.[Tomcat].[localhost].[/] - Initializing Spring DispatcherServlet 'dispatcherServlet'
2020-02-22 00:05:25.222 [http-nio-8082-exec-1] DEBUG org.hibernate.SQL - select image0_.lid as lid1_0_, image0_.imageid as imageid2_0_, image0_.name as name3_0_, image0_.uploadpath as uploadpa4_0_, image0_.uploadtime as uploadti5_0_ from image image0_ order by image0_.uploadtime desc
2020-02-22 00:08:17.306 [main] INFO  com.yangtongyue.yangtongyue.YangtongyueApplicationTests - Starting YangtongyueApplicationTests on AUTOBVT-9ISCHP5 with PID 1596 (started by Administrator in C:\Users\Administrator\eclipse-workspace\yangtongyue)
2020-02-22 00:08:17.310 [main] DEBUG com.yangtongyue.yangtongyue.YangtongyueApplicationTests - Running with Spring Boot v2.2.4.RELEASE, Spring v5.2.3.RELEASE
2020-02-22 00:08:17.311 [main] INFO  com.yangtongyue.yangtongyue.YangtongyueApplicationTests - No active profile set, falling back to default profiles: default
2020-02-22 00:08:18.985 [main] INFO  com.alibaba.druid.spring.boot.autoconfigure.DruidDataSourceAutoConfigure - Init DruidDataSource
2020-02-22 00:08:19.588 [main] INFO  com.alibaba.druid.pool.DruidDataSource - {dataSource-1} inited
2020-02-22 00:08:23.367 [main] WARN  org.springframework.boot.autoconfigure.orm.jpa.JpaBaseConfiguration$JpaWebConfiguration - spring.jpa.open-in-view is enabled by default. Therefore, database queries may be performed during view rendering. Explicitly configure spring.jpa.open-in-view to disable this warning
2020-02-22 00:08:24.825 [main] INFO  com.yangtongyue.yangtongyue.YangtongyueApplicationTests - Started YangtongyueApplicationTests in 7.918 seconds (JVM running for 9.488)
2020-02-22 00:08:25.051 [SpringContextShutdownHook] INFO  com.alibaba.druid.pool.DruidDataSource - {dataSource-1} closed
2020-02-22 00:09:10.675 [restartedMain] INFO  com.yangtongyue.yangtongyue.YangtongyueApplication - Starting YangtongyueApplication on AUTOBVT-9ISCHP5 with PID 7908 (C:\Users\Administrator\eclipse-workspace\yangtongyue\target\classes started by Administrator in C:\Users\Administrator\eclipse-workspace\yangtongyue)
2020-02-22 00:09:10.678 [restartedMain] DEBUG com.yangtongyue.yangtongyue.YangtongyueApplication - Running with Spring Boot v2.2.4.RELEASE, Spring v5.2.3.RELEASE
2020-02-22 00:09:10.679 [restartedMain] INFO  com.yangtongyue.yangtongyue.YangtongyueApplication - No active profile set, falling back to default profiles: default
2020-02-22 00:09:13.057 [restartedMain] INFO  org.apache.coyote.http11.Http11NioProtocol - Initializing ProtocolHandler ["http-nio-8082"]
2020-02-22 00:09:13.057 [restartedMain] INFO  org.apache.catalina.core.StandardService - Starting service [Tomcat]
2020-02-22 00:09:13.058 [restartedMain] INFO  org.apache.catalina.core.StandardEngine - Starting Servlet engine: [Apache Tomcat/9.0.30]
2020-02-22 00:09:13.541 [restartedMain] INFO  org.apache.jasper.servlet.TldScanner - At least one JAR was scanned for TLDs yet contained no TLDs. Enable debug logging for this logger for a complete list of JARs that were scanned but no TLDs were found in them. Skipping unneeded JARs during scanning can improve startup time and JSP compilation time.
2020-02-22 00:09:13.548 [restartedMain] INFO  org.apache.catalina.core.ContainerBase.[Tomcat].[localhost].[/] - Initializing Spring embedded WebApplicationContext
2020-02-22 00:09:13.662 [restartedMain] INFO  com.alibaba.druid.spring.boot.autoconfigure.DruidDataSourceAutoConfigure - Init DruidDataSource
2020-02-22 00:09:13.953 [restartedMain] INFO  com.alibaba.druid.pool.DruidDataSource - {dataSource-1} inited
2020-02-22 00:09:17.871 [restartedMain] WARN  org.springframework.boot.autoconfigure.orm.jpa.JpaBaseConfiguration$JpaWebConfiguration - spring.jpa.open-in-view is enabled by default. Therefore, database queries may be performed during view rendering. Explicitly configure spring.jpa.open-in-view to disable this warning
2020-02-22 00:09:18.656 [restartedMain] INFO  org.apache.coyote.http11.Http11NioProtocol - Starting ProtocolHandler ["http-nio-8082"]
2020-02-22 00:09:18.726 [restartedMain] INFO  com.yangtongyue.yangtongyue.YangtongyueApplication - Started YangtongyueApplication in 8.533 seconds (JVM running for 9.37)
2020-02-22 00:09:19.681 [http-nio-8082-exec-1] INFO  org.apache.catalina.core.ContainerBase.[Tomcat].[localhost].[/] - Initializing Spring DispatcherServlet 'dispatcherServlet'
2020-02-22 00:09:20.003 [http-nio-8082-exec-1] DEBUG org.hibernate.SQL - select image0_.lid as lid1_0_, image0_.imageid as imageid2_0_, image0_.name as name3_0_, image0_.uploadpath as uploadpa4_0_, image0_.uploadtime as uploadti5_0_ from image image0_ order by image0_.uploadtime desc
2020-02-22 00:16:03.996 [Thread-5] INFO  com.alibaba.druid.pool.DruidDataSource - {dataSource-1} closed
2020-02-22 00:16:04.444 [restartedMain] INFO  com.yangtongyue.yangtongyue.YangtongyueApplication - Starting YangtongyueApplication on AUTOBVT-9ISCHP5 with PID 7908 (C:\Users\Administrator\eclipse-workspace\yangtongyue\target\classes started by Administrator in C:\Users\Administrator\eclipse-workspace\yangtongyue)
2020-02-22 00:16:04.444 [restartedMain] DEBUG com.yangtongyue.yangtongyue.YangtongyueApplication - Running with Spring Boot v2.2.4.RELEASE, Spring v5.2.3.RELEASE
2020-02-22 00:16:04.445 [restartedMain] INFO  com.yangtongyue.yangtongyue.YangtongyueApplication - No active profile set, falling back to default profiles: default
2020-02-22 00:16:04.978 [restartedMain] INFO  org.apache.coyote.http11.Http11NioProtocol - Initializing ProtocolHandler ["http-nio-8082"]
2020-02-22 00:16:04.978 [restartedMain] INFO  org.apache.catalina.core.StandardService - Starting service [Tomcat]
2020-02-22 00:16:04.979 [restartedMain] INFO  org.apache.catalina.core.StandardEngine - Starting Servlet engine: [Apache Tomcat/9.0.30]
2020-02-22 00:16:05.133 [restartedMain] INFO  org.apache.jasper.servlet.TldScanner - At least one JAR was scanned for TLDs yet contained no TLDs. Enable debug logging for this logger for a complete list of JARs that were scanned but no TLDs were found in them. Skipping unneeded JARs during scanning can improve startup time and JSP compilation time.
2020-02-22 00:16:05.136 [restartedMain] INFO  org.apache.catalina.core.ContainerBase.[Tomcat].[localhost].[/] - Initializing Spring embedded WebApplicationContext
2020-02-22 00:16:05.161 [restartedMain] INFO  com.alibaba.druid.spring.boot.autoconfigure.DruidDataSourceAutoConfigure - Init DruidDataSource
2020-02-22 00:16:05.203 [restartedMain] INFO  com.alibaba.druid.pool.DruidDataSource - {dataSource-2} inited
2020-02-22 00:16:05.984 [restartedMain] DEBUG org.hibernate.SQL - alter table image add column groupid varchar(255)
2020-02-22 00:16:06.118 [restartedMain] WARN  org.springframework.boot.autoconfigure.orm.jpa.JpaBaseConfiguration$JpaWebConfiguration - spring.jpa.open-in-view is enabled by default. Therefore, database queries may be performed during view rendering. Explicitly configure spring.jpa.open-in-view to disable this warning
2020-02-22 00:16:06.270 [restartedMain] INFO  org.apache.coyote.http11.Http11NioProtocol - Starting ProtocolHandler ["http-nio-8082"]
2020-02-22 00:16:06.280 [restartedMain] INFO  com.yangtongyue.yangtongyue.YangtongyueApplication - Started YangtongyueApplication in 1.911 seconds (JVM running for 416.92)
2020-02-22 00:16:15.299 [Thread-9] INFO  com.alibaba.druid.pool.DruidDataSource - {dataSource-2} closed
2020-02-22 00:16:15.695 [restartedMain] INFO  com.yangtongyue.yangtongyue.YangtongyueApplication - Starting YangtongyueApplication on AUTOBVT-9ISCHP5 with PID 7908 (C:\Users\Administrator\eclipse-workspace\yangtongyue\target\classes started by Administrator in C:\Users\Administrator\eclipse-workspace\yangtongyue)
2020-02-22 00:16:15.696 [restartedMain] DEBUG com.yangtongyue.yangtongyue.YangtongyueApplication - Running with Spring Boot v2.2.4.RELEASE, Spring v5.2.3.RELEASE
2020-02-22 00:16:15.696 [restartedMain] INFO  com.yangtongyue.yangtongyue.YangtongyueApplication - No active profile set, falling back to default profiles: default
2020-02-22 00:16:16.129 [restartedMain] INFO  org.apache.coyote.http11.Http11NioProtocol - Initializing ProtocolHandler ["http-nio-8082"]
2020-02-22 00:16:16.129 [restartedMain] INFO  org.apache.catalina.core.StandardService - Starting service [Tomcat]
2020-02-22 00:16:16.130 [restartedMain] INFO  org.apache.catalina.core.StandardEngine - Starting Servlet engine: [Apache Tomcat/9.0.30]
2020-02-22 00:16:16.223 [restartedMain] INFO  org.apache.jasper.servlet.TldScanner - At least one JAR was scanned for TLDs yet contained no TLDs. Enable debug logging for this logger for a complete list of JARs that were scanned but no TLDs were found in them. Skipping unneeded JARs during scanning can improve startup time and JSP compilation time.
2020-02-22 00:16:16.225 [restartedMain] INFO  org.apache.catalina.core.ContainerBase.[Tomcat].[localhost].[/] - Initializing Spring embedded WebApplicationContext
2020-02-22 00:16:16.243 [restartedMain] INFO  com.alibaba.druid.spring.boot.autoconfigure.DruidDataSourceAutoConfigure - Init DruidDataSource
2020-02-22 00:16:16.275 [restartedMain] INFO  com.alibaba.druid.pool.DruidDataSource - {dataSource-3} inited
2020-02-22 00:16:17.081 [restartedMain] DEBUG org.hibernate.SQL - alter table image add column categeryid varchar(255)
2020-02-22 00:16:17.216 [restartedMain] WARN  org.springframework.boot.autoconfigure.orm.jpa.JpaBaseConfiguration$JpaWebConfiguration - spring.jpa.open-in-view is enabled by default. Therefore, database queries may be performed during view rendering. Explicitly configure spring.jpa.open-in-view to disable this warning
2020-02-22 00:16:17.346 [restartedMain] INFO  org.apache.coyote.http11.Http11NioProtocol - Starting ProtocolHandler ["http-nio-8082"]
2020-02-22 00:16:17.356 [restartedMain] INFO  com.yangtongyue.yangtongyue.YangtongyueApplication - Started YangtongyueApplication in 1.73 seconds (JVM running for 427.997)
2020-02-22 00:16:22.884 [Thread-14] INFO  com.alibaba.druid.pool.DruidDataSource - {dataSource-3} closed
2020-02-22 00:16:23.278 [restartedMain] INFO  com.yangtongyue.yangtongyue.YangtongyueApplication - Starting YangtongyueApplication on AUTOBVT-9ISCHP5 with PID 7908 (C:\Users\Administrator\eclipse-workspace\yangtongyue\target\classes started by Administrator in C:\Users\Administrator\eclipse-workspace\yangtongyue)
2020-02-22 00:16:23.278 [restartedMain] DEBUG com.yangtongyue.yangtongyue.YangtongyueApplication - Running with Spring Boot v2.2.4.RELEASE, Spring v5.2.3.RELEASE
2020-02-22 00:16:23.278 [restartedMain] INFO  com.yangtongyue.yangtongyue.YangtongyueApplication - No active profile set, falling back to default profiles: default
2020-02-22 00:16:23.683 [restartedMain] INFO  org.apache.coyote.http11.Http11NioProtocol - Initializing ProtocolHandler ["http-nio-8082"]
2020-02-22 00:16:23.684 [restartedMain] INFO  org.apache.catalina.core.StandardService - Starting service [Tomcat]
2020-02-22 00:16:23.684 [restartedMain] INFO  org.apache.catalina.core.StandardEngine - Starting Servlet engine: [Apache Tomcat/9.0.30]
2020-02-22 00:16:23.765 [restartedMain] INFO  org.apache.jasper.servlet.TldScanner - At least one JAR was scanned for TLDs yet contained no TLDs. Enable debug logging for this logger for a complete list of JARs that were scanned but no TLDs were found in them. Skipping unneeded JARs during scanning can improve startup time and JSP compilation time.
2020-02-22 00:16:23.768 [restartedMain] INFO  org.apache.catalina.core.ContainerBase.[Tomcat].[localhost].[/] - Initializing Spring embedded WebApplicationContext
2020-02-22 00:16:23.786 [restartedMain] INFO  com.alibaba.druid.spring.boot.autoconfigure.DruidDataSourceAutoConfigure - Init DruidDataSource
2020-02-22 00:16:23.812 [restartedMain] INFO  com.alibaba.druid.pool.DruidDataSource - {dataSource-4} inited
2020-02-22 00:16:24.881 [restartedMain] WARN  org.springframework.boot.autoconfigure.orm.jpa.JpaBaseConfiguration$JpaWebConfiguration - spring.jpa.open-in-view is enabled by default. Therefore, database queries may be performed during view rendering. Explicitly configure spring.jpa.open-in-view to disable this warning
2020-02-22 00:16:25.001 [restartedMain] INFO  org.apache.coyote.http11.Http11NioProtocol - Starting ProtocolHandler ["http-nio-8082"]
2020-02-22 00:16:25.009 [restartedMain] INFO  com.yangtongyue.yangtongyue.YangtongyueApplication - Started YangtongyueApplication in 1.796 seconds (JVM running for 435.649)
2020-02-22 00:16:29.515 [Thread-19] INFO  com.alibaba.druid.pool.DruidDataSource - {dataSource-4} closed
2020-02-22 00:16:29.869 [restartedMain] INFO  com.yangtongyue.yangtongyue.YangtongyueApplication - Starting YangtongyueApplication on AUTOBVT-9ISCHP5 with PID 7908 (C:\Users\Administrator\eclipse-workspace\yangtongyue\target\classes started by Administrator in C:\Users\Administrator\eclipse-workspace\yangtongyue)
2020-02-22 00:16:29.869 [restartedMain] DEBUG com.yangtongyue.yangtongyue.YangtongyueApplication - Running with Spring Boot v2.2.4.RELEASE, Spring v5.2.3.RELEASE
2020-02-22 00:16:29.869 [restartedMain] INFO  com.yangtongyue.yangtongyue.YangtongyueApplication - No active profile set, falling back to default profiles: default
2020-02-22 00:16:30.281 [restartedMain] INFO  org.apache.coyote.http11.Http11NioProtocol - Initializing ProtocolHandler ["http-nio-8082"]
2020-02-22 00:16:30.281 [restartedMain] INFO  org.apache.catalina.core.StandardService - Starting service [Tomcat]
2020-02-22 00:16:30.282 [restartedMain] INFO  org.apache.catalina.core.StandardEngine - Starting Servlet engine: [Apache Tomcat/9.0.30]
2020-02-22 00:16:30.354 [restartedMain] INFO  org.apache.jasper.servlet.TldScanner - At least one JAR was scanned for TLDs yet contained no TLDs. Enable debug logging for this logger for a complete list of JARs that were scanned but no TLDs were found in them. Skipping unneeded JARs during scanning can improve startup time and JSP compilation time.
2020-02-22 00:16:30.356 [restartedMain] INFO  org.apache.catalina.core.ContainerBase.[Tomcat].[localhost].[/] - Initializing Spring embedded WebApplicationContext
2020-02-22 00:16:30.375 [restartedMain] INFO  com.alibaba.druid.spring.boot.autoconfigure.DruidDataSourceAutoConfigure - Init DruidDataSource
2020-02-22 00:16:30.403 [restartedMain] INFO  com.alibaba.druid.pool.DruidDataSource - {dataSource-5} inited
2020-02-22 00:16:51.450 [Druid-ConnectionPool-Create-1472663804] ERROR com.alibaba.druid.pool.DruidDataSource - create connection SQLException, url: jdbc:mysql://bj-cdb-jzoc6ht1.sql.tencentcdb.com:15103/yangjunfei?allowMultiQueries=true&characterEncoding=utf8, errorCode 0, state 08S01
com.mysql.cj.jdbc.exceptions.CommunicationsException: Communications link failure

The last packet sent successfully to the server was 0 milliseconds ago. The driver has not received any packets from the server.
	at com.mysql.cj.jdbc.exceptions.SQLError.createCommunicationsException(SQLError.java:174)
	at com.mysql.cj.jdbc.exceptions.SQLExceptionsMapping.translateException(SQLExceptionsMapping.java:64)
	at com.mysql.cj.jdbc.ConnectionImpl.createNewIO(ConnectionImpl.java:836)
	at com.mysql.cj.jdbc.ConnectionImpl.<init>(ConnectionImpl.java:456)
	at com.mysql.cj.jdbc.ConnectionImpl.getInstance(ConnectionImpl.java:246)
	at com.mysql.cj.jdbc.NonRegisteringDriver.connect(NonRegisteringDriver.java:197)
	at com.alibaba.druid.filter.FilterChainImpl.connection_connect(FilterChainImpl.java:156)
	at com.alibaba.druid.filter.stat.StatFilter.connection_connect(StatFilter.java:218)
	at com.alibaba.druid.filter.FilterChainImpl.connection_connect(FilterChainImpl.java:150)
	at com.alibaba.druid.pool.DruidAbstractDataSource.createPhysicalConnection(DruidAbstractDataSource.java:1560)
	at com.alibaba.druid.pool.DruidAbstractDataSource.createPhysicalConnection(DruidAbstractDataSource.java:1623)
	at com.alibaba.druid.pool.DruidDataSource$CreateConnectionThread.run(DruidDataSource.java:2468)
Caused by: com.mysql.cj.exceptions.CJCommunicationsException: Communications link failure

The last packet sent successfully to the server was 0 milliseconds ago. The driver has not received any packets from the server.
	at sun.reflect.NativeConstructorAccessorImpl.newInstance0(Native Method)
	at sun.reflect.NativeConstructorAccessorImpl.newInstance(NativeConstructorAccessorImpl.java:62)
	at sun.reflect.DelegatingConstructorAccessorImpl.newInstance(DelegatingConstructorAccessorImpl.java:45)
	at java.lang.reflect.Constructor.newInstance(Constructor.java:423)
	at com.mysql.cj.exceptions.ExceptionFactory.createException(ExceptionFactory.java:61)
	at com.mysql.cj.exceptions.ExceptionFactory.createException(ExceptionFactory.java:105)
	at com.mysql.cj.exceptions.ExceptionFactory.createException(ExceptionFactory.java:151)
	at com.mysql.cj.exceptions.ExceptionFactory.createCommunicationsException(ExceptionFactory.java:167)
	at com.mysql.cj.protocol.a.NativeSocketConnection.connect(NativeSocketConnection.java:91)
	at com.mysql.cj.NativeSession.connect(NativeSession.java:144)
	at com.mysql.cj.jdbc.ConnectionImpl.connectOneTryOnly(ConnectionImpl.java:956)
	at com.mysql.cj.jdbc.ConnectionImpl.createNewIO(ConnectionImpl.java:826)
	... 9 common frames omitted
Caused by: java.net.ConnectException: Connection timed out: connect
	at java.net.DualStackPlainSocketImpl.connect0(Native Method)
	at java.net.DualStackPlainSocketImpl.socketConnect(DualStackPlainSocketImpl.java:79)
	at java.net.AbstractPlainSocketImpl.doConnect(AbstractPlainSocketImpl.java:350)
	at java.net.AbstractPlainSocketImpl.connectToAddress(AbstractPlainSocketImpl.java:206)
	at java.net.AbstractPlainSocketImpl.connect(AbstractPlainSocketImpl.java:188)
	at java.net.PlainSocketImpl.connect(PlainSocketImpl.java:172)
	at java.net.SocksSocketImpl.connect(SocksSocketImpl.java:392)
	at java.net.Socket.connect(Socket.java:589)
	at com.mysql.cj.protocol.StandardSocketFactory.connect(StandardSocketFactory.java:155)
	at com.mysql.cj.protocol.a.NativeSocketConnection.connect(NativeSocketConnection.java:65)
	... 12 common frames omitted
2020-02-22 00:16:52.238 [restartedMain] WARN  org.springframework.boot.autoconfigure.orm.jpa.JpaBaseConfiguration$JpaWebConfiguration - spring.jpa.open-in-view is enabled by default. Therefore, database queries may be performed during view rendering. Explicitly configure spring.jpa.open-in-view to disable this warning
2020-02-22 00:16:52.361 [restartedMain] INFO  org.apache.coyote.http11.Http11NioProtocol - Starting ProtocolHandler ["http-nio-8082"]
2020-02-22 00:16:52.371 [restartedMain] INFO  com.yangtongyue.yangtongyue.YangtongyueApplication - Started YangtongyueApplication in 22.568 seconds (JVM running for 463.012)
